vitamio-sample/build/outputs/logs/manifest-merger-debug-report.txt
-- Merging decision tree log ---
manifest
ADDED from VideoBanner\vitamio-sample\AndroidManifest.xml:2:1-77:12
	package
		ADDED from VideoBanner\vitamio-sample\AndroidManifest.xml:3:5-34
	android:versionName
		ADDED from VideoBanner\vitamio-sample\AndroidManifest.xml:5:5-32
		INJECTED from VideoBanner\vitamio-sample\AndroidManifest.xml
		INJECTED from VideoBanner\vitamio-sample\AndroidManifest.xml
	android:versionCode
		ADDED from VideoBanner\vitamio-sample\AndroidManifest.xml:4:5-30
		INJECTED from VideoBanner\vitamio-sample\AndroidManifest.xml
		INJECTED from VideoBanner\vitamio-sample\AndroidManifest.xml
	xmlns:android
		ADDED from VideoBanner\vitamio-sample\AndroidManifest.xml:2:11-69
uses-sdk
ADDED from VideoBanner\vitamio-sample\AndroidManifest.xml:7:5-9:41
MERGED from [VideoBanner:vitamio:unspecified] AndroidManifest.xml:7:5-9:41
MERGED from [com.android.support:appcompat-v7:19.1.0] AndroidManifest.xml:18:5-42
	android:targetSdkVersion
		ADDED from VideoBanner\vitamio-sample\AndroidManifest.xml:9:9-38
		INJECTED from VideoBanner\vitamio-sample\AndroidManifest.xml
		INJECTED from VideoBanner\vitamio-sample\AndroidManifest.xml
	android:minSdkVersion
		ADDED from VideoBanner\vitamio-sample\AndroidManifest.xml:8:9-35
		INJECTED from VideoBanner\vitamio-sample\AndroidManifest.xml
		INJECTED from VideoBanner\vitamio-sample\AndroidManifest.xml
uses-permission#android.permission.WAKE_LOCK
ADDED from VideoBanner\vitamio-sample\AndroidManifest.xml:11:5-68
MERGED from [VideoBanner:vitamio:unspecified] AndroidManifest.xml:11:5-68
	android:name
		ADDED from VideoBanner\vitamio-sample\AndroidManifest.xml:11:22-65
uses-permission#android.permission.INTERNET
ADDED from VideoBanner\vitamio-sample\AndroidManifest.xml:12:5-67
MERGED from [VideoBanner:vitamio:unspecified] AndroidManifest.xml:12:5-67
	android:name
		ADDED from VideoBanner\vitamio-sample\AndroidManifest.xml:12:22-64
uses-permission#android.permission.ACCESS_NETWORK_STATE
ADDED from VideoBanner\vitamio-sample\AndroidManifest.xml:13:5-79
MERGED from [VideoBanner:vitamio:unspecified] AndroidManifest.xml:13:5-79
	android:name
		ADDED from VideoBanner\vitamio-sample\AndroidManifest.xml:13:22-76
uses-permission#android.permission.READ_EXTERNAL_STORAGE
ADDED from VideoBanner\vitamio-sample\AndroidManifest.xml:14:5-80
	android:name
		ADDED from VideoBanner\vitamio-sample\AndroidManifest.xml:14:22-77
uses-permission#android.permission.READ_PHONE_STATE
ADDED from VideoBanner\vitamio-sample\AndroidManifest.xml:15:5-74
	android:name
		ADDED from VideoBanner\vitamio-sample\AndroidManifest.xml:15:22-72
uses-permission#android.permission.WRITE_EXTERNAL_STORAGE
ADDED from VideoBanner\vitamio-sample\AndroidManifest.xml:16:5-80
	android:name
		ADDED from VideoBanner\vitamio-sample\AndroidManifest.xml:16:22-78
application
ADDED from VideoBanner\vitamio-sample\AndroidManifest.xml:21:5-75:19
MERGED from [VideoBanner:vitamio:unspecified] AndroidManifest.xml:15:5-22:19
MERGED from [com.android.support:appcompat-v7:19.1.0] AndroidManifest.xml:19:5-20
	android:label
		ADDED from VideoBanner\vitamio-sample\AndroidManifest.xml:23:9-50
	android:allowBackup
		ADDED from VideoBanner\vitamio-sample\AndroidManifest.xml:22:9-36
	android:theme
		ADDED from VideoBanner\vitamio-sample\AndroidManifest.xml:24:9-56
activity#io.vov.vitamio.activity.InitActivity
ADDED from VideoBanner\vitamio-sample\AndroidManifest.xml:27:9-32:63
MERGED from [VideoBanner:vitamio:unspecified] AndroidManifest.xml:16:9-21:63
	android:launchMode
		ADDED from VideoBanner\vitamio-sample\AndroidManifest.xml:30:13-43
	android:windowSoftInputMode
		ADDED from VideoBanner\vitamio-sample\AndroidManifest.xml:32:13-60
	android:configChanges
		ADDED from VideoBanner\vitamio-sample\AndroidManifest.xml:29:13-113
	android:theme
		ADDED from VideoBanner\vitamio-sample\AndroidManifest.xml:31:13-60
	android:name
		ADDED from VideoBanner\vitamio-sample\AndroidManifest.xml:28:13-64
activity#io.vov.vitamio.demo.VitamioViewPagerActivity
ADDED from VideoBanner\vitamio-sample\AndroidManifest.xml:34:9-41:20
	android:name
		ADDED from VideoBanner\vitamio-sample\AndroidManifest.xml:34:19-59
intent-filter#android.intent.action.MAIN+android.intent.category.DEFAULT+android.intent.category.LAUNCHER
ADDED from VideoBanner\vitamio-sample\AndroidManifest.xml:35:13-40:29
action#android.intent.action.MAIN
ADDED from VideoBanner\vitamio-sample\AndroidManifest.xml:36:17-69
	android:name
		ADDED from VideoBanner\vitamio-sample\AndroidManifest.xml:36:25-66
category#android.intent.category.DEFAULT
ADDED from VideoBanner\vitamio-sample\AndroidManifest.xml:38:17-76
	android:name
		ADDED from VideoBanner\vitamio-sample\AndroidManifest.xml:38:27-73
category#android.intent.category.LAUNCHER
ADDED from VideoBanner\vitamio-sample\AndroidManifest.xml:39:17-77
	android:name
		ADDED from VideoBanner\vitamio-sample\AndroidManifest.xml:39:27-74
activity#io.vov.vitamio.demo.MediaPlayerDemo
ADDED from VideoBanner\vitamio-sample\AndroidManifest.xml:42:9-44:49
	android:label
		ADDED from VideoBanner\vitamio-sample\AndroidManifest.xml:44:13-46
	android:name
		ADDED from VideoBanner\vitamio-sample\AndroidManifest.xml:43:13-44
activity#io.vov.vitamio.demo.MediaPlayerDemo_Video
ADDED from VideoBanner\vitamio-sample\AndroidManifest.xml:49:9-51:49
	android:label
		ADDED from VideoBanner\vitamio-sample\AndroidManifest.xml:51:13-46
	android:name
		ADDED from VideoBanner\vitamio-sample\AndroidManifest.xml:50:13-50
activity#io.vov.vitamio.demo.MediaPlayerDemo_setSurface
ADDED from VideoBanner\vitamio-sample\AndroidManifest.xml:52:9-54:49
	android:label
		ADDED from VideoBanner\vitamio-sample\AndroidManifest.xml:54:13-46
	android:name
		ADDED from VideoBanner\vitamio-sample\AndroidManifest.xml:53:13-55
activity#io.vov.vitamio.demo.MediaPlayerDemo_Audio
ADDED from VideoBanner\vitamio-sample\AndroidManifest.xml:55:9-57:49
	android:label
		ADDED from VideoBanner\vitamio-sample\AndroidManifest.xml:57:13-46
	android:name
		ADDED from VideoBanner\vitamio-sample\AndroidManifest.xml:56:13-50
activity#io.vov.vitamio.demo.MediaMetadataRetrieverDemo
ADDED from VideoBanner\vitamio-sample\AndroidManifest.xml:58:9-60:51
	android:label
		ADDED from VideoBanner\vitamio-sample\AndroidManifest.xml:60:13-48
	android:name
		ADDED from VideoBanner\vitamio-sample\AndroidManifest.xml:59:13-55
activity#io.vov.vitamio.demo.MediaPlayerSubtitle
ADDED from VideoBanner\vitamio-sample\AndroidManifest.xml:61:9-63:76
	android:label
		ADDED from VideoBanner\vitamio-sample\AndroidManifest.xml:63:13-73
	android:name
		ADDED from VideoBanner\vitamio-sample\AndroidManifest.xml:62:13-48
activity#io.vov.vitamio.demo.VideoViewSubtitle
ADDED from VideoBanner\vitamio-sample\AndroidManifest.xml:64:9-66:74
	android:label
		ADDED from VideoBanner\vitamio-sample\AndroidManifest.xml:66:13-71
	android:name
		ADDED from VideoBanner\vitamio-sample\AndroidManifest.xml:65:13-46
activity#io.vov.vitamio.demo.VideoSubtitleList
ADDED from VideoBanner\vitamio-sample\AndroidManifest.xml:67:9-69:74
	android:label
		ADDED from VideoBanner\vitamio-sample\AndroidManifest.xml:69:13-71
	android:name
		ADDED from VideoBanner\vitamio-sample\AndroidManifest.xml:68:13-46
activity#io.vov.vitamio.demo.VideoViewBuffer
ADDED from VideoBanner\vitamio-sample\AndroidManifest.xml:70:9-72:67
	android:label
		ADDED from VideoBanner\vitamio-sample\AndroidManifest.xml:72:13-64
	android:name
		ADDED from VideoBanner\vitamio-sample\AndroidManifest.xml:71:13-44